[INFO] [2016-08-05 14:45:09][org.springframework.web.context.ContextLoader]Root WebApplicationContext: initialization started
[INFO] [2016-08-05 14:45:09][org.springframework.web.context.support.XmlWebApplicationContext]Refreshing Root WebApplicationContext: startup date [Fri Aug 05 14:45:09 CST 2016]; root of context hierarchy
[INFO] [2016-08-05 14:45:09][org.springframework.beans.factory.xml.XmlBeanDefinitionReader]Loading XML bean definitions from ServletContext resource [/WEB-INF/configs/spring/applicationContext.xml]
[INFO] [2016-08-05 14:45:10][org.springframework.beans.factory.annotation.AutowiredAnnotationBeanPostProcessor]JSR-330 'javax.inject.Inject' annotation found and supported for autowiring
[INFO] [2016-08-05 14:45:10][org.springframework.web.context.ContextLoader]Root WebApplicationContext: initialization completed in 1117 ms
[INFO] [2016-08-05 14:45:10][org.springframework.web.servlet.DispatcherServlet]FrameworkServlet 'mvc-dispatcher': initialization started
[INFO] [2016-08-05 14:45:10][org.springframework.web.context.support.XmlWebApplicationContext]Refreshing WebApplicationContext for namespace 'mvc-dispatcher-servlet': startup date [Fri Aug 05 14:45:10 CST 2016]; parent: Root WebApplicationContext
[INFO] [2016-08-05 14:45:10][org.springframework.beans.factory.xml.XmlBeanDefinitionReader]Loading XML bean definitions from ServletContext resource [/WEB-INF/configs/spring/mvc-dispatcher-servlet.xml]
[INFO] [2016-08-05 14:45:10][org.springframework.beans.factory.annotation.AutowiredAnnotationBeanPostProcessor]JSR-330 'javax.inject.Inject' annotation found and supported for autowiring
[INFO] [2016-08-05 14:45:10][org.springframework.web.servlet.handler.SimpleUrlHandlerMapping]Mapped URL path [/**] onto handler 'org.springframework.web.servlet.resource.DefaultServletHttpRequestHandler#0'
[INFO] [2016-08-05 14:45:10][org.springframework.web.servlet.handler.SimpleUrlHandlerMapping]Mapped URL path [/*.html] onto handler 'org.springframework.web.servlet.resource.ResourceHttpRequestHandler#0'
[INFO] [2016-08-05 14:45:10][org.springframework.web.servlet.handler.SimpleUrlHandlerMapping]Mapped URL path [/js/**] onto handler 'org.springframework.web.servlet.resource.ResourceHttpRequestHandler#1'
[INFO] [2016-08-05 14:45:10][org.springframework.web.servlet.handler.SimpleUrlHandlerMapping]Mapped URL path [/images/**] onto handler 'org.springframework.web.servlet.resource.ResourceHttpRequestHandler#2'
[INFO] [2016-08-05 14:45:10][org.springframework.web.servlet.handler.SimpleUrlHandlerMapping]Mapped URL path [/css/**] onto handler 'org.springframework.web.servlet.resource.ResourceHttpRequestHandler#3'
[INFO] [2016-08-05 14:45:10][org.springframework.web.servlet.mvc.method.annotation.RequestMappingHandlerMapping]Mapped "{[/controller/get/{value}],methods=[GET]}" onto public void com.unicomWeb.controller.FileUploadController.get(javax.servlet.http.HttpServletResponse,java.lang.String)
[INFO] [2016-08-05 14:45:10][org.springframework.web.servlet.mvc.method.annotation.RequestMappingHandlerMapping]Mapped "{[/controller/upload],methods=[POST]}" onto public com.unicomWeb.model.ResponseMeta com.unicomWeb.controller.FileUploadController.upload(org.springframework.web.multipart.MultipartHttpServletRequest,javax.servlet.http.HttpServletResponse) throws java.lang.IllegalStateException,java.io.IOException
[INFO] [2016-08-05 14:45:11][org.springframework.web.servlet.mvc.method.annotation.RequestMappingHandlerAdapter]Looking for @ControllerAdvice: WebApplicationContext for namespace 'mvc-dispatcher-servlet': startup date [Fri Aug 05 14:45:10 CST 2016]; parent: Root WebApplicationContext
[INFO] [2016-08-05 14:45:11][org.springframework.web.servlet.mvc.method.annotation.RequestMappingHandlerAdapter]Looking for @ControllerAdvice: WebApplicationContext for namespace 'mvc-dispatcher-servlet': startup date [Fri Aug 05 14:45:10 CST 2016]; parent: Root WebApplicationContext
[INFO] [2016-08-05 14:45:11][org.springframework.web.servlet.DispatcherServlet]FrameworkServlet 'mvc-dispatcher': initialization completed in 732 ms
[INFO] [2016-08-05 14:47:13][org.springframework.web.context.support.XmlWebApplicationContext]Closing WebApplicationContext for namespace 'mvc-dispatcher-servlet': startup date [Fri Aug 05 14:45:10 CST 2016]; parent: Root WebApplicationContext
[INFO] [2016-08-05 14:47:13][org.springframework.web.context.support.XmlWebApplicationContext]Closing Root WebApplicationContext: startup date [Fri Aug 05 14:45:09 CST 2016]; root of context hierarchy
[INFO] [2016-08-05 14:47:25][org.springframework.web.context.ContextLoader]Root WebApplicationContext: initialization started
[INFO] [2016-08-05 14:47:25][org.springframework.web.context.support.XmlWebApplicationContext]Refreshing Root WebApplicationContext: startup date [Fri Aug 05 14:47:25 CST 2016]; root of context hierarchy
[INFO] [2016-08-05 14:47:25][org.springframework.beans.factory.xml.XmlBeanDefinitionReader]Loading XML bean definitions from ServletContext resource [/WEB-INF/configs/spring/applicationContext.xml]
[INFO] [2016-08-05 14:47:25][org.springframework.beans.factory.annotation.AutowiredAnnotationBeanPostProcessor]JSR-330 'javax.inject.Inject' annotation found and supported for autowiring
[INFO] [2016-08-05 14:47:25][org.springframework.web.context.ContextLoader]Root WebApplicationContext: initialization completed in 734 ms
[INFO] [2016-08-05 14:47:26][org.springframework.web.servlet.DispatcherServlet]FrameworkServlet 'mvc-dispatcher': initialization started
[INFO] [2016-08-05 14:47:26][org.springframework.web.context.support.XmlWebApplicationContext]Refreshing WebApplicationContext for namespace 'mvc-dispatcher-servlet': startup date [Fri Aug 05 14:47:26 CST 2016]; parent: Root WebApplicationContext
[INFO] [2016-08-05 14:47:26][org.springframework.beans.factory.xml.XmlBeanDefinitionReader]Loading XML bean definitions from ServletContext resource [/WEB-INF/configs/spring/mvc-dispatcher-servlet.xml]
[INFO] [2016-08-05 14:47:26][org.springframework.beans.factory.annotation.AutowiredAnnotationBeanPostProcessor]JSR-330 'javax.inject.Inject' annotation found and supported for autowiring
[INFO] [2016-08-05 14:47:26][org.springframework.web.servlet.handler.SimpleUrlHandlerMapping]Mapped URL path [/**] onto handler 'org.springframework.web.servlet.resource.DefaultServletHttpRequestHandler#0'
[INFO] [2016-08-05 14:47:26][org.springframework.web.servlet.handler.SimpleUrlHandlerMapping]Mapped URL path [/*.html] onto handler 'org.springframework.web.servlet.resource.ResourceHttpRequestHandler#0'
[INFO] [2016-08-05 14:47:26][org.springframework.web.servlet.handler.SimpleUrlHandlerMapping]Mapped URL path [/js/**] onto handler 'org.springframework.web.servlet.resource.ResourceHttpRequestHandler#1'
[INFO] [2016-08-05 14:47:26][org.springframework.web.servlet.handler.SimpleUrlHandlerMapping]Mapped URL path [/images/**] onto handler 'org.springframework.web.servlet.resource.ResourceHttpRequestHandler#2'
[INFO] [2016-08-05 14:47:26][org.springframework.web.servlet.handler.SimpleUrlHandlerMapping]Mapped URL path [/css/**] onto handler 'org.springframework.web.servlet.resource.ResourceHttpRequestHandler#3'
[INFO] [2016-08-05 14:47:26][org.springframework.web.servlet.mvc.method.annotation.RequestMappingHandlerMapping]Mapped "{[/controller/get/{value}],methods=[GET]}" onto public void com.unicomWeb.controller.FileUploadController.get(javax.servlet.http.HttpServletResponse,java.lang.String)
[INFO] [2016-08-05 14:47:26][org.springframework.web.servlet.mvc.method.annotation.RequestMappingHandlerMapping]Mapped "{[/controller/upload],methods=[POST]}" onto public com.unicomWeb.model.ResponseMeta com.unicomWeb.controller.FileUploadController.upload(org.springframework.web.multipart.MultipartHttpServletRequest,javax.servlet.http.HttpServletResponse) throws java.lang.IllegalStateException,java.io.IOException
[INFO] [2016-08-05 14:47:26][org.springframework.web.servlet.mvc.method.annotation.RequestMappingHandlerAdapter]Looking for @ControllerAdvice: WebApplicationContext for namespace 'mvc-dispatcher-servlet': startup date [Fri Aug 05 14:47:26 CST 2016]; parent: Root WebApplicationContext
[INFO] [2016-08-05 14:47:26][org.springframework.web.servlet.mvc.method.annotation.RequestMappingHandlerAdapter]Looking for @ControllerAdvice: WebApplicationContext for namespace 'mvc-dispatcher-servlet': startup date [Fri Aug 05 14:47:26 CST 2016]; parent: Root WebApplicationContext
[INFO] [2016-08-05 14:47:26][org.springframework.web.servlet.DispatcherServlet]FrameworkServlet 'mvc-dispatcher': initialization completed in 928 ms
[INFO] [2016-08-05 14:57:26][org.springframework.web.context.support.XmlWebApplicationContext]Closing WebApplicationContext for namespace 'mvc-dispatcher-servlet': startup date [Fri Aug 05 14:47:26 CST 2016]; parent: Root WebApplicationContext
[INFO] [2016-08-05 14:57:26][org.springframework.web.context.support.XmlWebApplicationContext]Closing Root WebApplicationContext: startup date [Fri Aug 05 14:47:25 CST 2016]; root of context hierarchy
[INFO] [2016-08-05 14:57:38][org.springframework.web.context.ContextLoader]Root WebApplicationContext: initialization started
[INFO] [2016-08-05 14:57:38][org.springframework.web.context.support.XmlWebApplicationContext]Refreshing Root WebApplicationContext: startup date [Fri Aug 05 14:57:38 CST 2016]; root of context hierarchy
[INFO] [2016-08-05 14:57:38][org.springframework.beans.factory.xml.XmlBeanDefinitionReader]Loading XML bean definitions from ServletContext resource [/WEB-INF/configs/spring/applicationContext.xml]
[INFO] [2016-08-05 14:57:38][org.springframework.beans.factory.annotation.AutowiredAnnotationBeanPostProcessor]JSR-330 'javax.inject.Inject' annotation found and supported for autowiring
[INFO] [2016-08-05 14:57:38][org.springframework.web.context.ContextLoader]Root WebApplicationContext: initialization completed in 672 ms
[INFO] [2016-08-05 14:57:39][org.springframework.web.servlet.DispatcherServlet]FrameworkServlet 'mvc-dispatcher': initialization started
[INFO] [2016-08-05 14:57:39][org.springframework.web.context.support.XmlWebApplicationContext]Refreshing WebApplicationContext for namespace 'mvc-dispatcher-servlet': startup date [Fri Aug 05 14:57:39 CST 2016]; parent: Root WebApplicationContext
[INFO] [2016-08-05 14:57:39][org.springframework.beans.factory.xml.XmlBeanDefinitionReader]Loading XML bean definitions from ServletContext resource [/WEB-INF/configs/spring/mvc-dispatcher-servlet.xml]
[INFO] [2016-08-05 14:57:39][org.springframework.beans.factory.annotation.AutowiredAnnotationBeanPostProcessor]JSR-330 'javax.inject.Inject' annotation found and supported for autowiring
[INFO] [2016-08-05 14:57:39][org.springframework.web.servlet.handler.SimpleUrlHandlerMapping]Mapped URL path [/**] onto handler 'org.springframework.web.servlet.resource.DefaultServletHttpRequestHandler#0'
[INFO] [2016-08-05 14:57:39][org.springframework.web.servlet.handler.SimpleUrlHandlerMapping]Mapped URL path [/*.html] onto handler 'org.springframework.web.servlet.resource.ResourceHttpRequestHandler#0'
[INFO] [2016-08-05 14:57:39][org.springframework.web.servlet.handler.SimpleUrlHandlerMapping]Mapped URL path [/js/**] onto handler 'org.springframework.web.servlet.resource.ResourceHttpRequestHandler#1'
[INFO] [2016-08-05 14:57:39][org.springframework.web.servlet.handler.SimpleUrlHandlerMapping]Mapped URL path [/images/**] onto handler 'org.springframework.web.servlet.resource.ResourceHttpRequestHandler#2'
[INFO] [2016-08-05 14:57:39][org.springframework.web.servlet.handler.SimpleUrlHandlerMapping]Mapped URL path [/css/**] onto handler 'org.springframework.web.servlet.resource.ResourceHttpRequestHandler#3'
[INFO] [2016-08-05 14:57:39][org.springframework.web.servlet.mvc.method.annotation.RequestMappingHandlerMapping]Mapped "{[/controller/get/{value}],methods=[GET]}" onto public void com.unicomWeb.controller.FileUploadController.get(javax.servlet.http.HttpServletResponse,java.lang.String)
[INFO] [2016-08-05 14:57:39][org.springframework.web.servlet.mvc.method.annotation.RequestMappingHandlerMapping]Mapped "{[/controller/upload],methods=[POST]}" onto public com.unicomWeb.model.FileMeta com.unicomWeb.controller.FileUploadController.upload(org.springframework.web.multipart.MultipartHttpServletRequest,javax.servlet.http.HttpServletResponse) throws java.lang.IllegalStateException,java.io.IOException
[INFO] [2016-08-05 14:57:39][org.springframework.web.servlet.mvc.method.annotation.RequestMappingHandlerAdapter]Looking for @ControllerAdvice: WebApplicationContext for namespace 'mvc-dispatcher-servlet': startup date [Fri Aug 05 14:57:39 CST 2016]; parent: Root WebApplicationContext
[INFO] [2016-08-05 14:57:39][org.springframework.web.servlet.mvc.method.annotation.RequestMappingHandlerAdapter]Looking for @ControllerAdvice: WebApplicationContext for namespace 'mvc-dispatcher-servlet': startup date [Fri Aug 05 14:57:39 CST 2016]; parent: Root WebApplicationContext
[INFO] [2016-08-05 14:57:40][org.springframework.web.servlet.DispatcherServlet]FrameworkServlet 'mvc-dispatcher': initialization completed in 984 ms
[INFO] [2016-08-05 15:08:26][org.springframework.web.context.support.XmlWebApplicationContext]Closing WebApplicationContext for namespace 'mvc-dispatcher-servlet': startup date [Fri Aug 05 14:57:39 CST 2016]; parent: Root WebApplicationContext
[INFO] [2016-08-05 15:08:26][org.springframework.web.context.support.XmlWebApplicationContext]Closing Root WebApplicationContext: startup date [Fri Aug 05 14:57:38 CST 2016]; root of context hierarchy
[INFO] [2016-08-05 15:08:39][org.springframework.web.context.ContextLoader]Root WebApplicationContext: initialization started
[INFO] [2016-08-05 15:08:39][org.springframework.web.context.support.XmlWebApplicationContext]Refreshing Root WebApplicationContext: startup date [Fri Aug 05 15:08:39 CST 2016]; root of context hierarchy
[INFO] [2016-08-05 15:08:39][org.springframework.beans.factory.xml.XmlBeanDefinitionReader]Loading XML bean definitions from ServletContext resource [/WEB-INF/configs/spring/applicationContext.xml]
[INFO] [2016-08-05 15:08:40][org.springframework.beans.factory.annotation.AutowiredAnnotationBeanPostProcessor]JSR-330 'javax.inject.Inject' annotation found and supported for autowiring
[INFO] [2016-08-05 15:08:40][org.springframework.web.context.ContextLoader]Root WebApplicationContext: initialization completed in 1068 ms
[INFO] [2016-08-05 15:08:40][org.springframework.web.servlet.DispatcherServlet]FrameworkServlet 'mvc-dispatcher': initialization started
[INFO] [2016-08-05 15:08:40][org.springframework.web.context.support.XmlWebApplicationContext]Refreshing WebApplicationContext for namespace 'mvc-dispatcher-servlet': startup date [Fri Aug 05 15:08:40 CST 2016]; parent: Root WebApplicationContext
[INFO] [2016-08-05 15:08:40][org.springframework.beans.factory.xml.XmlBeanDefinitionReader]Loading XML bean definitions from ServletContext resource [/WEB-INF/configs/spring/mvc-dispatcher-servlet.xml]
[INFO] [2016-08-05 15:08:40][org.springframework.beans.factory.annotation.AutowiredAnnotationBeanPostProcessor]JSR-330 'javax.inject.Inject' annotation found and supported for autowiring
[INFO] [2016-08-05 15:08:41][org.springframework.web.servlet.handler.SimpleUrlHandlerMapping]Mapped URL path [/**] onto handler 'org.springframework.web.servlet.resource.DefaultServletHttpRequestHandler#0'
[INFO] [2016-08-05 15:08:41][org.springframework.web.servlet.handler.SimpleUrlHandlerMapping]Mapped URL path [/*.html] onto handler 'org.springframework.web.servlet.resource.ResourceHttpRequestHandler#0'
[INFO] [2016-08-05 15:08:41][org.springframework.web.servlet.handler.SimpleUrlHandlerMapping]Mapped URL path [/js/**] onto handler 'org.springframework.web.servlet.resource.ResourceHttpRequestHandler#1'
[INFO] [2016-08-05 15:08:41][org.springframework.web.servlet.handler.SimpleUrlHandlerMapping]Mapped URL path [/images/**] onto handler 'org.springframework.web.servlet.resource.ResourceHttpRequestHandler#2'
[INFO] [2016-08-05 15:08:41][org.springframework.web.servlet.handler.SimpleUrlHandlerMapping]Mapped URL path [/css/**] onto handler 'org.springframework.web.servlet.resource.ResourceHttpRequestHandler#3'
[INFO] [2016-08-05 15:08:41][org.springframework.web.servlet.mvc.method.annotation.RequestMappingHandlerMapping]Mapped "{[/controller/get/{value}],methods=[GET]}" onto public void com.unicomWeb.controller.FileUploadController.get(javax.servlet.http.HttpServletResponse,java.lang.String)
[INFO] [2016-08-05 15:08:41][org.springframework.web.servlet.mvc.method.annotation.RequestMappingHandlerMapping]Mapped "{[/controller/upload],methods=[POST]}" onto public com.unicomWeb.model.FileMeta com.unicomWeb.controller.FileUploadController.upload(org.springframework.web.multipart.MultipartHttpServletRequest,javax.servlet.http.HttpServletResponse) throws java.lang.IllegalStateException,java.io.IOException
[INFO] [2016-08-05 15:08:41][org.springframework.web.servlet.mvc.method.annotation.RequestMappingHandlerAdapter]Looking for @ControllerAdvice: WebApplicationContext for namespace 'mvc-dispatcher-servlet': startup date [Fri Aug 05 15:08:40 CST 2016]; parent: Root WebApplicationContext
[INFO] [2016-08-05 15:08:41][org.springframework.web.servlet.mvc.method.annotation.RequestMappingHandlerAdapter]Looking for @ControllerAdvice: WebApplicationContext for namespace 'mvc-dispatcher-servlet': startup date [Fri Aug 05 15:08:40 CST 2016]; parent: Root WebApplicationContext
[INFO] [2016-08-05 15:08:41][org.springframework.web.servlet.DispatcherServlet]FrameworkServlet 'mvc-dispatcher': initialization completed in 935 ms
[INFO] [2016-08-05 15:10:54][org.springframework.web.context.support.XmlWebApplicationContext]Closing WebApplicationContext for namespace 'mvc-dispatcher-servlet': startup date [Fri Aug 05 15:08:40 CST 2016]; parent: Root WebApplicationContext
[INFO] [2016-08-05 15:10:54][org.springframework.web.context.support.XmlWebApplicationContext]Closing Root WebApplicationContext: startup date [Fri Aug 05 15:08:39 CST 2016]; root of context hierarchy
[INFO] [2016-08-05 15:11:05][org.springframework.web.context.ContextLoader]Root WebApplicationContext: initialization started
[INFO] [2016-08-05 15:11:05][org.springframework.web.context.support.XmlWebApplicationContext]Refreshing Root WebApplicationContext: startup date [Fri Aug 05 15:11:05 CST 2016]; root of context hierarchy
[INFO] [2016-08-05 15:11:05][org.springframework.beans.factory.xml.XmlBeanDefinitionReader]Loading XML bean definitions from ServletContext resource [/WEB-INF/configs/spring/applicationContext.xml]
[INFO] [2016-08-05 15:11:06][org.springframework.beans.factory.annotation.AutowiredAnnotationBeanPostProcessor]JSR-330 'javax.inject.Inject' annotation found and supported for autowiring
[INFO] [2016-08-05 15:11:06][org.springframework.web.context.ContextLoader]Root WebApplicationContext: initialization completed in 946 ms
[INFO] [2016-08-05 15:11:06][org.springframework.web.servlet.DispatcherServlet]FrameworkServlet 'mvc-dispatcher': initialization started
[INFO] [2016-08-05 15:11:06][org.springframework.web.context.support.XmlWebApplicationContext]Refreshing WebApplicationContext for namespace 'mvc-dispatcher-servlet': startup date [Fri Aug 05 15:11:06 CST 2016]; parent: Root WebApplicationContext
[INFO] [2016-08-05 15:11:06][org.springframework.beans.factory.xml.XmlBeanDefinitionReader]Loading XML bean definitions from ServletContext resource [/WEB-INF/configs/spring/mvc-dispatcher-servlet.xml]
[INFO] [2016-08-05 15:11:06][org.springframework.beans.factory.annotation.AutowiredAnnotationBeanPostProcessor]JSR-330 'javax.inject.Inject' annotation found and supported for autowiring
[INFO] [2016-08-05 15:11:06][org.springframework.web.servlet.handler.SimpleUrlHandlerMapping]Mapped URL path [/**] onto handler 'org.springframework.web.servlet.resource.DefaultServletHttpRequestHandler#0'
[INFO] [2016-08-05 15:11:06][org.springframework.web.servlet.handler.SimpleUrlHandlerMapping]Mapped URL path [/*.html] onto handler 'org.springframework.web.servlet.resource.ResourceHttpRequestHandler#0'
[INFO] [2016-08-05 15:11:06][org.springframework.web.servlet.handler.SimpleUrlHandlerMapping]Mapped URL path [/js/**] onto handler 'org.springframework.web.servlet.resource.ResourceHttpRequestHandler#1'
[INFO] [2016-08-05 15:11:06][org.springframework.web.servlet.handler.SimpleUrlHandlerMapping]Mapped URL path [/images/**] onto handler 'org.springframework.web.servlet.resource.ResourceHttpRequestHandler#2'
[INFO] [2016-08-05 15:11:06][org.springframework.web.servlet.handler.SimpleUrlHandlerMapping]Mapped URL path [/css/**] onto handler 'org.springframework.web.servlet.resource.ResourceHttpRequestHandler#3'
[INFO] [2016-08-05 15:11:07][org.springframework.web.servlet.mvc.method.annotation.RequestMappingHandlerMapping]Mapped "{[/controller/get/{value}],methods=[GET]}" onto public void com.unicomWeb.controller.FileUploadController.get(javax.servlet.http.HttpServletResponse,java.lang.String)
[INFO] [2016-08-05 15:11:07][org.springframework.web.servlet.mvc.method.annotation.RequestMappingHandlerMapping]Mapped "{[/controller/upload],methods=[POST]}" onto public com.unicomWeb.model.FileMeta com.unicomWeb.controller.FileUploadController.upload(org.springframework.web.multipart.MultipartHttpServletRequest,javax.servlet.http.HttpServletResponse) throws java.lang.IllegalStateException,java.io.IOException
[INFO] [2016-08-05 15:11:07][org.springframework.web.servlet.mvc.method.annotation.RequestMappingHandlerAdapter]Looking for @ControllerAdvice: WebApplicationContext for namespace 'mvc-dispatcher-servlet': startup date [Fri Aug 05 15:11:06 CST 2016]; parent: Root WebApplicationContext
[INFO] [2016-08-05 15:11:07][org.springframework.web.servlet.mvc.method.annotation.RequestMappingHandlerAdapter]Looking for @ControllerAdvice: WebApplicationContext for namespace 'mvc-dispatcher-servlet': startup date [Fri Aug 05 15:11:06 CST 2016]; parent: Root WebApplicationContext
[INFO] [2016-08-05 15:11:07][org.springframework.web.servlet.DispatcherServlet]FrameworkServlet 'mvc-dispatcher': initialization completed in 739 ms
[WARN] [2016-08-05 15:11:27][org.springframework.web.servlet.PageNotFound]Request method 'GET' not supported
[INFO] [2016-08-05 15:17:08][org.springframework.web.context.support.XmlWebApplicationContext]Closing WebApplicationContext for namespace 'mvc-dispatcher-servlet': startup date [Fri Aug 05 15:11:06 CST 2016]; parent: Root WebApplicationContext
[INFO] [2016-08-05 15:17:08][org.springframework.web.context.support.XmlWebApplicationContext]Closing Root WebApplicationContext: startup date [Fri Aug 05 15:11:05 CST 2016]; root of context hierarchy
[INFO] [2016-08-05 15:18:09][org.springframework.web.context.ContextLoader]Root WebApplicationContext: initialization started
[INFO] [2016-08-05 15:18:09][org.springframework.web.context.support.XmlWebApplicationContext]Refreshing Root WebApplicationContext: startup date [Fri Aug 05 15:18:09 CST 2016]; root of context hierarchy
[INFO] [2016-08-05 15:18:09][org.springframework.beans.factory.xml.XmlBeanDefinitionReader]Loading XML bean definitions from ServletContext resource [/WEB-INF/configs/spring/applicationContext.xml]
[INFO] [2016-08-05 15:18:09][org.springframework.beans.factory.annotation.AutowiredAnnotationBeanPostProcessor]JSR-330 'javax.inject.Inject' annotation found and supported for autowiring
[INFO] [2016-08-05 15:18:09][org.springframework.web.context.ContextLoader]Root WebApplicationContext: initialization completed in 797 ms
[INFO] [2016-08-05 15:18:09][org.springframework.web.servlet.DispatcherServlet]FrameworkServlet 'mvc-dispatcher': initialization started
[INFO] [2016-08-05 15:18:09][org.springframework.web.context.support.XmlWebApplicationContext]Refreshing WebApplicationContext for namespace 'mvc-dispatcher-servlet': startup date [Fri Aug 05 15:18:09 CST 2016]; parent: Root WebApplicationContext
[INFO] [2016-08-05 15:18:09][org.springframework.beans.factory.xml.XmlBeanDefinitionReader]Loading XML bean definitions from ServletContext resource [/WEB-INF/configs/spring/mvc-dispatcher-servlet.xml]
[INFO] [2016-08-05 15:18:10][org.springframework.beans.factory.annotation.AutowiredAnnotationBeanPostProcessor]JSR-330 'javax.inject.Inject' annotation found and supported for autowiring
[INFO] [2016-08-05 15:18:10][org.springframework.web.servlet.handler.SimpleUrlHandlerMapping]Mapped URL path [/**] onto handler 'org.springframework.web.servlet.resource.DefaultServletHttpRequestHandler#0'
[INFO] [2016-08-05 15:18:10][org.springframework.web.servlet.handler.SimpleUrlHandlerMapping]Mapped URL path [/*.html] onto handler 'org.springframework.web.servlet.resource.ResourceHttpRequestHandler#0'
[INFO] [2016-08-05 15:18:10][org.springframework.web.servlet.handler.SimpleUrlHandlerMapping]Mapped URL path [/js/**] onto handler 'org.springframework.web.servlet.resource.ResourceHttpRequestHandler#1'
[INFO] [2016-08-05 15:18:10][org.springframework.web.servlet.handler.SimpleUrlHandlerMapping]Mapped URL path [/images/**] onto handler 'org.springframework.web.servlet.resource.ResourceHttpRequestHandler#2'
[INFO] [2016-08-05 15:18:10][org.springframework.web.servlet.handler.SimpleUrlHandlerMapping]Mapped URL path [/css/**] onto handler 'org.springframework.web.servlet.resource.ResourceHttpRequestHandler#3'
[INFO] [2016-08-05 15:18:10][org.springframework.web.servlet.mvc.method.annotation.RequestMappingHandlerMapping]Mapped "{[/controller/get/{value}],methods=[GET]}" onto public void com.unicomWeb.controller.FileUploadController.get(javax.servlet.http.HttpServletResponse,java.lang.String)
[INFO] [2016-08-05 15:18:10][org.springframework.web.servlet.mvc.method.annotation.RequestMappingHandlerMapping]Mapped "{[/controller/upload],methods=[POST]}" onto public com.unicomWeb.model.FileMeta com.unicomWeb.controller.FileUploadController.upload(org.springframework.web.multipart.MultipartHttpServletRequest,javax.servlet.http.HttpServletResponse) throws java.lang.IllegalStateException,java.io.IOException
[INFO] [2016-08-05 15:18:10][org.springframework.web.servlet.mvc.method.annotation.RequestMappingHandlerAdapter]Looking for @ControllerAdvice: WebApplicationContext for namespace 'mvc-dispatcher-servlet': startup date [Fri Aug 05 15:18:09 CST 2016]; parent: Root WebApplicationContext
[INFO] [2016-08-05 15:18:10][org.springframework.web.servlet.mvc.method.annotation.RequestMappingHandlerAdapter]Looking for @ControllerAdvice: WebApplicationContext for namespace 'mvc-dispatcher-servlet': startup date [Fri Aug 05 15:18:09 CST 2016]; parent: Root WebApplicationContext
[INFO] [2016-08-05 15:18:11][org.springframework.web.servlet.DispatcherServlet]FrameworkServlet 'mvc-dispatcher': initialization completed in 1079 ms
[INFO] [2016-08-05 15:22:08][org.springframework.web.context.support.XmlWebApplicationContext]Closing WebApplicationContext for namespace 'mvc-dispatcher-servlet': startup date [Fri Aug 05 15:18:09 CST 2016]; parent: Root WebApplicationContext
[INFO] [2016-08-05 15:22:08][org.springframework.web.context.support.XmlWebApplicationContext]Closing Root WebApplicationContext: startup date [Fri Aug 05 15:18:09 CST 2016]; root of context hierarchy
[INFO] [2016-08-05 15:22:21][org.springframework.web.context.ContextLoader]Root WebApplicationContext: initialization started
[INFO] [2016-08-05 15:22:21][org.springframework.web.context.support.XmlWebApplicationContext]Refreshing Root WebApplicationContext: startup date [Fri Aug 05 15:22:21 CST 2016]; root of context hierarchy
[INFO] [2016-08-05 15:22:21][org.springframework.beans.factory.xml.XmlBeanDefinitionReader]Loading XML bean definitions from ServletContext resource [/WEB-INF/configs/spring/applicationContext.xml]
[INFO] [2016-08-05 15:22:22][org.springframework.beans.factory.annotation.AutowiredAnnotationBeanPostProcessor]JSR-330 'javax.inject.Inject' annotation found and supported for autowiring
[INFO] [2016-08-05 15:22:22][org.springframework.web.context.ContextLoader]Root WebApplicationContext: initialization completed in 704 ms
[INFO] [2016-08-05 15:22:22][org.springframework.web.servlet.DispatcherServlet]FrameworkServlet 'mvc-dispatcher': initialization started
[INFO] [2016-08-05 15:22:22][org.springframework.web.context.support.XmlWebApplicationContext]Refreshing WebApplicationContext for namespace 'mvc-dispatcher-servlet': startup date [Fri Aug 05 15:22:22 CST 2016]; parent: Root WebApplicationContext
[INFO] [2016-08-05 15:22:22][org.springframework.beans.factory.xml.XmlBeanDefinitionReader]Loading XML bean definitions from ServletContext resource [/WEB-INF/configs/spring/mvc-dispatcher-servlet.xml]
[INFO] [2016-08-05 15:22:22][org.springframework.beans.factory.annotation.AutowiredAnnotationBeanPostProcessor]JSR-330 'javax.inject.Inject' annotation found and supported for autowiring
[INFO] [2016-08-05 15:22:22][org.springframework.web.servlet.handler.SimpleUrlHandlerMapping]Mapped URL path [/**] onto handler 'org.springframework.web.servlet.resource.DefaultServletHttpRequestHandler#0'
[INFO] [2016-08-05 15:22:22][org.springframework.web.servlet.handler.SimpleUrlHandlerMapping]Mapped URL path [/*.html] onto handler 'org.springframework.web.servlet.resource.ResourceHttpRequestHandler#0'
[INFO] [2016-08-05 15:22:22][org.springframework.web.servlet.handler.SimpleUrlHandlerMapping]Mapped URL path [/js/**] onto handler 'org.springframework.web.servlet.resource.ResourceHttpRequestHandler#1'
[INFO] [2016-08-05 15:22:22][org.springframework.web.servlet.handler.SimpleUrlHandlerMapping]Mapped URL path [/images/**] onto handler 'org.springframework.web.servlet.resource.ResourceHttpRequestHandler#2'
[INFO] [2016-08-05 15:22:22][org.springframework.web.servlet.handler.SimpleUrlHandlerMapping]Mapped URL path [/css/**] onto handler 'org.springframework.web.servlet.resource.ResourceHttpRequestHandler#3'
[INFO] [2016-08-05 15:22:22][org.springframework.web.servlet.mvc.method.annotation.RequestMappingHandlerMapping]Mapped "{[/controller/get/{value}],methods=[GET]}" onto public void com.unicomWeb.controller.FileUploadController.get(javax.servlet.http.HttpServletResponse,java.lang.String)
[INFO] [2016-08-05 15:22:22][org.springframework.web.servlet.mvc.method.annotation.RequestMappingHandlerMapping]Mapped "{[/controller/upload],methods=[POST]}" onto public com.unicomWeb.model.FileMeta com.unicomWeb.controller.FileUploadController.upload(org.springframework.web.multipart.MultipartHttpServletRequest,javax.servlet.http.HttpServletResponse) throws java.lang.IllegalStateException,java.io.IOException
[INFO] [2016-08-05 15:22:23][org.springframework.web.servlet.mvc.method.annotation.RequestMappingHandlerAdapter]Looking for @ControllerAdvice: WebApplicationContext for namespace 'mvc-dispatcher-servlet': startup date [Fri Aug 05 15:22:22 CST 2016]; parent: Root WebApplicationContext
[INFO] [2016-08-05 15:22:23][org.springframework.web.servlet.mvc.method.annotation.RequestMappingHandlerAdapter]Looking for @ControllerAdvice: WebApplicationContext for namespace 'mvc-dispatcher-servlet': startup date [Fri Aug 05 15:22:22 CST 2016]; parent: Root WebApplicationContext
[INFO] [2016-08-05 15:22:23][org.springframework.web.servlet.DispatcherServlet]FrameworkServlet 'mvc-dispatcher': initialization completed in 1453 ms
[INFO] [2016-08-05 15:25:00][org.springframework.web.context.support.XmlWebApplicationContext]Closing WebApplicationContext for namespace 'mvc-dispatcher-servlet': startup date [Fri Aug 05 15:22:22 CST 2016]; parent: Root WebApplicationContext
[INFO] [2016-08-05 15:25:00][org.springframework.web.context.support.XmlWebApplicationContext]Closing Root WebApplicationContext: startup date [Fri Aug 05 15:22:21 CST 2016]; root of context hierarchy
[INFO] [2016-08-05 15:25:12][org.springframework.web.context.ContextLoader]Root WebApplicationContext: initialization started
[INFO] [2016-08-05 15:25:12][org.springframework.web.context.support.XmlWebApplicationContext]Refreshing Root WebApplicationContext: startup date [Fri Aug 05 15:25:12 CST 2016]; root of context hierarchy
[INFO] [2016-08-05 15:25:12][org.springframework.beans.factory.xml.XmlBeanDefinitionReader]Loading XML bean definitions from ServletContext resource [/WEB-INF/configs/spring/applicationContext.xml]
[INFO] [2016-08-05 15:25:13][org.springframework.beans.factory.annotation.AutowiredAnnotationBeanPostProcessor]JSR-330 'javax.inject.Inject' annotation found and supported for autowiring
[INFO] [2016-08-05 15:25:13][org.springframework.web.context.ContextLoader]Root WebApplicationContext: initialization completed in 797 ms
[INFO] [2016-08-05 15:25:13][org.springframework.web.servlet.DispatcherServlet]FrameworkServlet 'mvc-dispatcher': initialization started
[INFO] [2016-08-05 15:25:13][org.springframework.web.context.support.XmlWebApplicationContext]Refreshing WebApplicationContext for namespace 'mvc-dispatcher-servlet': startup date [Fri Aug 05 15:25:13 CST 2016]; parent: Root WebApplicationContext
[INFO] [2016-08-05 15:25:13][org.springframework.beans.factory.xml.XmlBeanDefinitionReader]Loading XML bean definitions from ServletContext resource [/WEB-INF/configs/spring/mvc-dispatcher-servlet.xml]
[INFO] [2016-08-05 15:25:13][org.springframework.beans.factory.annotation.AutowiredAnnotationBeanPostProcessor]JSR-330 'javax.inject.Inject' annotation found and supported for autowiring
[INFO] [2016-08-05 15:25:13][org.springframework.web.servlet.handler.SimpleUrlHandlerMapping]Mapped URL path [/**] onto handler 'org.springframework.web.servlet.resource.DefaultServletHttpRequestHandler#0'
[INFO] [2016-08-05 15:25:13][org.springframework.web.servlet.handler.SimpleUrlHandlerMapping]Mapped URL path [/*.html] onto handler 'org.springframework.web.servlet.resource.ResourceHttpRequestHandler#0'
[INFO] [2016-08-05 15:25:13][org.springframework.web.servlet.handler.SimpleUrlHandlerMapping]Mapped URL path [/js/**] onto handler 'org.springframework.web.servlet.resource.ResourceHttpRequestHandler#1'
[INFO] [2016-08-05 15:25:13][org.springframework.web.servlet.handler.SimpleUrlHandlerMapping]Mapped URL path [/images/**] onto handler 'org.springframework.web.servlet.resource.ResourceHttpRequestHandler#2'
[INFO] [2016-08-05 15:25:13][org.springframework.web.servlet.handler.SimpleUrlHandlerMapping]Mapped URL path [/css/**] onto handler 'org.springframework.web.servlet.resource.ResourceHttpRequestHandler#3'
[INFO] [2016-08-05 15:25:13][org.springframework.web.servlet.mvc.method.annotation.RequestMappingHandlerMapping]Mapped "{[/controller/get/{value}],methods=[GET]}" onto public void com.unicomWeb.controller.FileUploadController.get(javax.servlet.http.HttpServletResponse,java.lang.String)
[INFO] [2016-08-05 15:25:13][org.springframework.web.servlet.mvc.method.annotation.RequestMappingHandlerMapping]Mapped "{[/controller/upload],methods=[POST]}" onto public com.unicomWeb.model.FileMeta com.unicomWeb.controller.FileUploadController.upload(org.springframework.web.multipart.MultipartHttpServletRequest,javax.servlet.http.HttpServletResponse) throws java.lang.IllegalStateException,java.io.IOException
[INFO] [2016-08-05 15:25:14][org.springframework.web.servlet.mvc.method.annotation.RequestMappingHandlerAdapter]Looking for @ControllerAdvice: WebApplicationContext for namespace 'mvc-dispatcher-servlet': startup date [Fri Aug 05 15:25:13 CST 2016]; parent: Root WebApplicationContext
[INFO] [2016-08-05 15:25:14][org.springframework.web.servlet.mvc.method.annotation.RequestMappingHandlerAdapter]Looking for @ControllerAdvice: WebApplicationContext for namespace 'mvc-dispatcher-servlet': startup date [Fri Aug 05 15:25:13 CST 2016]; parent: Root WebApplicationContext
[INFO] [2016-08-05 15:25:14][org.springframework.web.servlet.DispatcherServlet]FrameworkServlet 'mvc-dispatcher': initialization completed in 1000 ms
[INFO] [2016-08-05 15:28:22][org.springframework.web.context.support.XmlWebApplicationContext]Closing WebApplicationContext for namespace 'mvc-dispatcher-servlet': startup date [Fri Aug 05 15:25:13 CST 2016]; parent: Root WebApplicationContext
[INFO] [2016-08-05 15:28:22][org.springframework.web.context.support.XmlWebApplicationContext]Closing Root WebApplicationContext: startup date [Fri Aug 05 15:25:12 CST 2016]; root of context hierarchy
[INFO] [2016-08-05 15:28:33][org.springframework.web.context.ContextLoader]Root WebApplicationContext: initialization started
[INFO] [2016-08-05 15:28:33][org.springframework.web.context.support.XmlWebApplicationContext]Refreshing Root WebApplicationContext: startup date [Fri Aug 05 15:28:33 CST 2016]; root of context hierarchy
[INFO] [2016-08-05 15:28:33][org.springframework.beans.factory.xml.XmlBeanDefinitionReader]Loading XML bean definitions from ServletContext resource [/WEB-INF/configs/spring/applicationContext.xml]
[INFO] [2016-08-05 15:28:34][org.springframework.beans.factory.annotation.AutowiredAnnotationBeanPostProcessor]JSR-330 'javax.inject.Inject' annotation found and supported for autowiring
[INFO] [2016-08-05 15:28:34][org.springframework.web.context.ContextLoader]Root WebApplicationContext: initialization completed in 719 ms
[INFO] [2016-08-05 15:28:34][org.springframework.web.servlet.DispatcherServlet]FrameworkServlet 'mvc-dispatcher': initialization started
[INFO] [2016-08-05 15:28:34][org.springframework.web.context.support.XmlWebApplicationContext]Refreshing WebApplicationContext for namespace 'mvc-dispatcher-servlet': startup date [Fri Aug 05 15:28:34 CST 2016]; parent: Root WebApplicationContext
[INFO] [2016-08-05 15:28:34][org.springframework.beans.factory.xml.XmlBeanDefinitionReader]Loading XML bean definitions from ServletContext resource [/WEB-INF/configs/spring/mvc-dispatcher-servlet.xml]
[INFO] [2016-08-05 15:28:34][org.springframework.beans.factory.annotation.AutowiredAnnotationBeanPostProcessor]JSR-330 'javax.inject.Inject' annotation found and supported for autowiring
[INFO] [2016-08-05 15:28:34][org.springframework.web.servlet.handler.SimpleUrlHandlerMapping]Mapped URL path [/**] onto handler 'org.springframework.web.servlet.resource.DefaultServletHttpRequestHandler#0'
[INFO] [2016-08-05 15:28:34][org.springframework.web.servlet.handler.SimpleUrlHandlerMapping]Mapped URL path [/*.html] onto handler 'org.springframework.web.servlet.resource.ResourceHttpRequestHandler#0'
[INFO] [2016-08-05 15:28:34][org.springframework.web.servlet.handler.SimpleUrlHandlerMapping]Mapped URL path [/js/**] onto handler 'org.springframework.web.servlet.resource.ResourceHttpRequestHandler#1'
[INFO] [2016-08-05 15:28:34][org.springframework.web.servlet.handler.SimpleUrlHandlerMapping]Mapped URL path [/images/**] onto handler 'org.springframework.web.servlet.resource.ResourceHttpRequestHandler#2'
[INFO] [2016-08-05 15:28:34][org.springframework.web.servlet.handler.SimpleUrlHandlerMapping]Mapped URL path [/css/**] onto handler 'org.springframework.web.servlet.resource.ResourceHttpRequestHandler#3'
[INFO] [2016-08-05 15:28:34][org.springframework.web.servlet.mvc.method.annotation.RequestMappingHandlerMapping]Mapped "{[/controller/get/{value}],methods=[GET]}" onto public void com.unicomWeb.controller.FileUploadController.get(javax.servlet.http.HttpServletResponse,java.lang.String)
[INFO] [2016-08-05 15:28:34][org.springframework.web.servlet.mvc.method.annotation.RequestMappingHandlerMapping]Mapped "{[/controller/upload],methods=[POST]}" onto public com.unicomWeb.model.FileMeta com.unicomWeb.controller.FileUploadController.upload(org.springframework.web.multipart.MultipartHttpServletRequest,javax.servlet.http.HttpServletResponse) throws java.lang.IllegalStateException,java.io.IOException
[INFO] [2016-08-05 15:28:35][org.springframework.web.servlet.mvc.method.annotation.RequestMappingHandlerAdapter]Looking for @ControllerAdvice: WebApplicationContext for namespace 'mvc-dispatcher-servlet': startup date [Fri Aug 05 15:28:34 CST 2016]; parent: Root WebApplicationContext
[INFO] [2016-08-05 15:28:35][org.springframework.web.servlet.mvc.method.annotation.RequestMappingHandlerAdapter]Looking for @ControllerAdvice: WebApplicationContext for namespace 'mvc-dispatcher-servlet': startup date [Fri Aug 05 15:28:34 CST 2016]; parent: Root WebApplicationContext
[INFO] [2016-08-05 15:28:35][org.springframework.web.servlet.DispatcherServlet]FrameworkServlet 'mvc-dispatcher': initialization completed in 1107 ms
[INFO] [2016-08-05 15:29:47][org.springframework.web.context.support.XmlWebApplicationContext]Closing WebApplicationContext for namespace 'mvc-dispatcher-servlet': startup date [Fri Aug 05 15:28:34 CST 2016]; parent: Root WebApplicationContext
[INFO] [2016-08-05 15:29:47][org.springframework.web.context.support.XmlWebApplicationContext]Closing Root WebApplicationContext: startup date [Fri Aug 05 15:28:33 CST 2016]; root of context hierarchy
[INFO] [2016-08-05 15:29:59][org.springframework.web.context.ContextLoader]Root WebApplicationContext: initialization started
[INFO] [2016-08-05 15:30:00][org.springframework.web.context.support.XmlWebApplicationContext]Refreshing Root WebApplicationContext: startup date [Fri Aug 05 15:30:00 CST 2016]; root of context hierarchy
[INFO] [2016-08-05 15:30:00][org.springframework.beans.factory.xml.XmlBeanDefinitionReader]Loading XML bean definitions from ServletContext resource [/WEB-INF/configs/spring/applicationContext.xml]
[INFO] [2016-08-05 15:30:00][org.springframework.beans.factory.annotation.AutowiredAnnotationBeanPostProcessor]JSR-330 'javax.inject.Inject' annotation found and supported for autowiring
[INFO] [2016-08-05 15:30:00][org.springframework.web.context.ContextLoader]Root WebApplicationContext: initialization completed in 746 ms
[INFO] [2016-08-05 15:30:00][org.springframework.web.servlet.DispatcherServlet]FrameworkServlet 'mvc-dispatcher': initialization started
[INFO] [2016-08-05 15:30:00][org.springframework.web.context.support.XmlWebApplicationContext]Refreshing WebApplicationContext for namespace 'mvc-dispatcher-servlet': startup date [Fri Aug 05 15:30:00 CST 2016]; parent: Root WebApplicationContext
[INFO] [2016-08-05 15:30:00][org.springframework.beans.factory.xml.XmlBeanDefinitionReader]Loading XML bean definitions from ServletContext resource [/WEB-INF/configs/spring/mvc-dispatcher-servlet.xml]
[INFO] [2016-08-05 15:30:00][org.springframework.beans.factory.annotation.AutowiredAnnotationBeanPostProcessor]JSR-330 'javax.inject.Inject' annotation found and supported for autowiring
[INFO] [2016-08-05 15:30:01][org.springframework.web.servlet.handler.SimpleUrlHandlerMapping]Mapped URL path [/**] onto handler 'org.springframework.web.servlet.resource.DefaultServletHttpRequestHandler#0'
[INFO] [2016-08-05 15:30:01][org.springframework.web.servlet.handler.SimpleUrlHandlerMapping]Mapped URL path [/*.html] onto handler 'org.springframework.web.servlet.resource.ResourceHttpRequestHandler#0'
[INFO] [2016-08-05 15:30:01][org.springframework.web.servlet.handler.SimpleUrlHandlerMapping]Mapped URL path [/js/**] onto handler 'org.springframework.web.servlet.resource.ResourceHttpRequestHandler#1'
[INFO] [2016-08-05 15:30:01][org.springframework.web.servlet.handler.SimpleUrlHandlerMapping]Mapped URL path [/images/**] onto handler 'org.springframework.web.servlet.resource.ResourceHttpRequestHandler#2'
[INFO] [2016-08-05 15:30:01][org.springframework.web.servlet.handler.SimpleUrlHandlerMapping]Mapped URL path [/css/**] onto handler 'org.springframework.web.servlet.resource.ResourceHttpRequestHandler#3'
[INFO] [2016-08-05 15:30:01][org.springframework.web.servlet.mvc.method.annotation.RequestMappingHandlerMapping]Mapped "{[/controller/get/{value}],methods=[GET]}" onto public void com.unicomWeb.controller.FileUploadController.get(javax.servlet.http.HttpServletResponse,java.lang.String)
[INFO] [2016-08-05 15:30:01][org.springframework.web.servlet.mvc.method.annotation.RequestMappingHandlerMapping]Mapped "{[/controller/upload],methods=[POST]}" onto public com.unicomWeb.model.FileMeta com.unicomWeb.controller.FileUploadController.upload(org.springframework.web.multipart.MultipartHttpServletRequest,javax.servlet.http.HttpServletResponse) throws java.lang.IllegalStateException,java.io.IOException
[INFO] [2016-08-05 15:30:01][org.springframework.web.servlet.mvc.method.annotation.RequestMappingHandlerAdapter]Looking for @ControllerAdvice: WebApplicationContext for namespace 'mvc-dispatcher-servlet': startup date [Fri Aug 05 15:30:00 CST 2016]; parent: Root WebApplicationContext
[INFO] [2016-08-05 15:30:01][org.springframework.web.servlet.mvc.method.annotation.RequestMappingHandlerAdapter]Looking for @ControllerAdvice: WebApplicationContext for namespace 'mvc-dispatcher-servlet': startup date [Fri Aug 05 15:30:00 CST 2016]; parent: Root WebApplicationContext
[INFO] [2016-08-05 15:30:01][org.springframework.web.servlet.DispatcherServlet]FrameworkServlet 'mvc-dispatcher': initialization completed in 1123 ms
[INFO] [2016-08-05 15:33:01][org.springframework.web.context.support.XmlWebApplicationContext]Closing WebApplicationContext for namespace 'mvc-dispatcher-servlet': startup date [Fri Aug 05 15:30:00 CST 2016]; parent: Root WebApplicationContext
[INFO] [2016-08-05 15:33:01][org.springframework.web.context.support.XmlWebApplicationContext]Closing Root WebApplicationContext: startup date [Fri Aug 05 15:30:00 CST 2016]; root of context hierarchy
[INFO] [2016-08-05 15:33:13][org.springframework.web.context.ContextLoader]Root WebApplicationContext: initialization started
[INFO] [2016-08-05 15:33:14][org.springframework.web.context.support.XmlWebApplicationContext]Refreshing Root WebApplicationContext: startup date [Fri Aug 05 15:33:14 CST 2016]; root of context hierarchy
[INFO] [2016-08-05 15:33:14][org.springframework.beans.factory.xml.XmlBeanDefinitionReader]Loading XML bean definitions from ServletContext resource [/WEB-INF/configs/spring/applicationContext.xml]
[INFO] [2016-08-05 15:33:14][org.springframework.beans.factory.annotation.AutowiredAnnotationBeanPostProcessor]JSR-330 'javax.inject.Inject' annotation found and supported for autowiring
[INFO] [2016-08-05 15:33:14][org.springframework.web.context.ContextLoader]Root WebApplicationContext: initialization completed in 914 ms
[INFO] [2016-08-05 15:33:14][org.springframework.web.servlet.DispatcherServlet]FrameworkServlet 'mvc-dispatcher': initialization started
[INFO] [2016-08-05 15:33:14][org.springframework.web.context.support.XmlWebApplicationContext]Refreshing WebApplicationContext for namespace 'mvc-dispatcher-servlet': startup date [Fri Aug 05 15:33:14 CST 2016]; parent: Root WebApplicationContext
[INFO] [2016-08-05 15:33:14][org.springframework.beans.factory.xml.XmlBeanDefinitionReader]Loading XML bean definitions from ServletContext resource [/WEB-INF/configs/spring/mvc-dispatcher-servlet.xml]
[INFO] [2016-08-05 15:33:15][org.springframework.beans.factory.annotation.AutowiredAnnotationBeanPostProcessor]JSR-330 'javax.inject.Inject' annotation found and supported for autowiring
[INFO] [2016-08-05 15:33:15][org.springframework.web.servlet.handler.SimpleUrlHandlerMapping]Mapped URL path [/**] onto handler 'org.springframework.web.servlet.resource.DefaultServletHttpRequestHandler#0'
[INFO] [2016-08-05 15:33:15][org.springframework.web.servlet.handler.SimpleUrlHandlerMapping]Mapped URL path [/*.html] onto handler 'org.springframework.web.servlet.resource.ResourceHttpRequestHandler#0'
[INFO] [2016-08-05 15:33:15][org.springframework.web.servlet.handler.SimpleUrlHandlerMapping]Mapped URL path [/js/**] onto handler 'org.springframework.web.servlet.resource.ResourceHttpRequestHandler#1'
[INFO] [2016-08-05 15:33:15][org.springframework.web.servlet.handler.SimpleUrlHandlerMapping]Mapped URL path [/images/**] onto handler 'org.springframework.web.servlet.resource.ResourceHttpRequestHandler#2'
[INFO] [2016-08-05 15:33:15][org.springframework.web.servlet.handler.SimpleUrlHandlerMapping]Mapped URL path [/css/**] onto handler 'org.springframework.web.servlet.resource.ResourceHttpRequestHandler#3'
[INFO] [2016-08-05 15:33:15][org.springframework.web.servlet.mvc.method.annotation.RequestMappingHandlerMapping]Mapped "{[/controller/get/{value}],methods=[GET]}" onto public void com.unicomWeb.controller.FileUploadController.get(javax.servlet.http.HttpServletResponse,java.lang.String)
[INFO] [2016-08-05 15:33:15][org.springframework.web.servlet.mvc.method.annotation.RequestMappingHandlerMapping]Mapped "{[/controller/upload],methods=[POST]}" onto public com.unicomWeb.model.ResponseMeta com.unicomWeb.controller.FileUploadController.upload(org.springframework.web.multipart.MultipartHttpServletRequest,javax.servlet.http.HttpServletResponse) throws java.lang.IllegalStateException,java.io.IOException
[INFO] [2016-08-05 15:33:15][org.springframework.web.servlet.mvc.method.annotation.RequestMappingHandlerAdapter]Looking for @ControllerAdvice: WebApplicationContext for namespace 'mvc-dispatcher-servlet': startup date [Fri Aug 05 15:33:14 CST 2016]; parent: Root WebApplicationContext
[INFO] [2016-08-05 15:33:15][org.springframework.web.servlet.mvc.method.annotation.RequestMappingHandlerAdapter]Looking for @ControllerAdvice: WebApplicationContext for namespace 'mvc-dispatcher-servlet': startup date [Fri Aug 05 15:33:14 CST 2016]; parent: Root WebApplicationContext
[INFO] [2016-08-05 15:33:16][org.springframework.web.servlet.DispatcherServlet]FrameworkServlet 'mvc-dispatcher': initialization completed in 1171 ms
[INFO] [2016-08-05 15:36:12][org.springframework.web.context.support.XmlWebApplicationContext]Closing WebApplicationContext for namespace 'mvc-dispatcher-servlet': startup date [Fri Aug 05 15:33:14 CST 2016]; parent: Root WebApplicationContext
[INFO] [2016-08-05 15:36:12][org.springframework.web.context.support.XmlWebApplicationContext]Closing Root WebApplicationContext: startup date [Fri Aug 05 15:33:14 CST 2016]; root of context hierarchy
[INFO] [2016-08-05 15:36:23][org.springframework.web.context.ContextLoader]Root WebApplicationContext: initialization started
[INFO] [2016-08-05 15:36:23][org.springframework.web.context.support.XmlWebApplicationContext]Refreshing Root WebApplicationContext: startup date [Fri Aug 05 15:36:23 CST 2016]; root of context hierarchy
[INFO] [2016-08-05 15:36:23][org.springframework.beans.factory.xml.XmlBeanDefinitionReader]Loading XML bean definitions from ServletContext resource [/WEB-INF/configs/spring/applicationContext.xml]
[INFO] [2016-08-05 15:36:23][org.springframework.beans.factory.annotation.AutowiredAnnotationBeanPostProcessor]JSR-330 'javax.inject.Inject' annotation found and supported for autowiring
[INFO] [2016-08-05 15:36:24][org.springframework.web.context.ContextLoader]Root WebApplicationContext: initialization completed in 809 ms
[INFO] [2016-08-05 15:36:24][org.springframework.web.servlet.DispatcherServlet]FrameworkServlet 'mvc-dispatcher': initialization started
[INFO] [2016-08-05 15:36:24][org.springframework.web.context.support.XmlWebApplicationContext]Refreshing WebApplicationContext for namespace 'mvc-dispatcher-servlet': startup date [Fri Aug 05 15:36:24 CST 2016]; parent: Root WebApplicationContext
[INFO] [2016-08-05 15:36:24][org.springframework.beans.factory.xml.XmlBeanDefinitionReader]Loading XML bean definitions from ServletContext resource [/WEB-INF/configs/spring/mvc-dispatcher-servlet.xml]
[INFO] [2016-08-05 15:36:24][org.springframework.beans.factory.annotation.AutowiredAnnotationBeanPostProcessor]JSR-330 'javax.inject.Inject' annotation found and supported for autowiring
[INFO] [2016-08-05 15:36:24][org.springframework.web.servlet.handler.SimpleUrlHandlerMapping]Mapped URL path [/**] onto handler 'org.springframework.web.servlet.resource.DefaultServletHttpRequestHandler#0'
[INFO] [2016-08-05 15:36:24][org.springframework.web.servlet.handler.SimpleUrlHandlerMapping]Mapped URL path [/*.html] onto handler 'org.springframework.web.servlet.resource.ResourceHttpRequestHandler#0'
[INFO] [2016-08-05 15:36:24][org.springframework.web.servlet.handler.SimpleUrlHandlerMapping]Mapped URL path [/js/**] onto handler 'org.springframework.web.servlet.resource.ResourceHttpRequestHandler#1'
[INFO] [2016-08-05 15:36:24][org.springframework.web.servlet.handler.SimpleUrlHandlerMapping]Mapped URL path [/images/**] onto handler 'org.springframework.web.servlet.resource.ResourceHttpRequestHandler#2'
[INFO] [2016-08-05 15:36:24][org.springframework.web.servlet.handler.SimpleUrlHandlerMapping]Mapped URL path [/css/**] onto handler 'org.springframework.web.servlet.resource.ResourceHttpRequestHandler#3'
[INFO] [2016-08-05 15:36:24][org.springframework.web.servlet.mvc.method.annotation.RequestMappingHandlerMapping]Mapped "{[/controller/get/{value}],methods=[GET]}" onto public void com.unicomWeb.controller.FileUploadController.get(javax.servlet.http.HttpServletResponse,java.lang.String)
[INFO] [2016-08-05 15:36:24][org.springframework.web.servlet.mvc.method.annotation.RequestMappingHandlerMapping]Mapped "{[/controller/upload],methods=[POST]}" onto public com.unicomWeb.model.ResponseMeta com.unicomWeb.controller.FileUploadController.upload(org.springframework.web.multipart.MultipartHttpServletRequest,javax.servlet.http.HttpServletResponse) throws java.lang.IllegalStateException,java.io.IOException
[INFO] [2016-08-05 15:36:24][org.springframework.web.servlet.mvc.method.annotation.RequestMappingHandlerAdapter]Looking for @ControllerAdvice: WebApplicationContext for namespace 'mvc-dispatcher-servlet': startup date [Fri Aug 05 15:36:24 CST 2016]; parent: Root WebApplicationContext
[INFO] [2016-08-05 15:36:25][org.springframework.web.servlet.mvc.method.annotation.RequestMappingHandlerAdapter]Looking for @ControllerAdvice: WebApplicationContext for namespace 'mvc-dispatcher-servlet': startup date [Fri Aug 05 15:36:24 CST 2016]; parent: Root WebApplicationContext
[INFO] [2016-08-05 15:36:25][org.springframework.web.servlet.DispatcherServlet]FrameworkServlet 'mvc-dispatcher': initialization completed in 984 ms
[INFO] [2016-08-05 15:40:43][org.springframework.web.context.support.XmlWebApplicationContext]Closing WebApplicationContext for namespace 'mvc-dispatcher-servlet': startup date [Fri Aug 05 15:36:24 CST 2016]; parent: Root WebApplicationContext
[INFO] [2016-08-05 15:40:43][org.springframework.web.context.support.XmlWebApplicationContext]Closing Root WebApplicationContext: startup date [Fri Aug 05 15:36:23 CST 2016]; root of context hierarchy
[INFO] [2016-08-05 15:40:46][org.springframework.web.context.ContextLoader]Root WebApplicationContext: initialization started
[INFO] [2016-08-05 15:40:46][org.springframework.web.context.support.XmlWebApplicationContext]Refreshing Root WebApplicationContext: startup date [Fri Aug 05 15:40:46 CST 2016]; root of context hierarchy
[INFO] [2016-08-05 15:40:46][org.springframework.beans.factory.xml.XmlBeanDefinitionReader]Loading XML bean definitions from ServletContext resource [/WEB-INF/configs/spring/applicationContext.xml]
[INFO] [2016-08-05 15:40:46][org.springframework.beans.factory.annotation.AutowiredAnnotationBeanPostProcessor]JSR-330 'javax.inject.Inject' annotation found and supported for autowiring
[INFO] [2016-08-05 15:40:46][org.springframework.web.context.ContextLoader]Root WebApplicationContext: initialization completed in 524 ms
[INFO] [2016-08-05 15:40:46][org.springframework.web.servlet.DispatcherServlet]FrameworkServlet 'mvc-dispatcher': initialization started
[INFO] [2016-08-05 15:40:46][org.springframework.web.context.support.XmlWebApplicationContext]Refreshing WebApplicationContext for namespace 'mvc-dispatcher-servlet': startup date [Fri Aug 05 15:40:46 CST 2016]; parent: Root WebApplicationContext
[INFO] [2016-08-05 15:40:46][org.springframework.beans.factory.xml.XmlBeanDefinitionReader]Loading XML bean definitions from ServletContext resource [/WEB-INF/configs/spring/mvc-dispatcher-servlet.xml]
[INFO] [2016-08-05 15:40:47][org.springframework.beans.factory.annotation.AutowiredAnnotationBeanPostProcessor]JSR-330 'javax.inject.Inject' annotation found and supported for autowiring
[INFO] [2016-08-05 15:40:47][org.springframework.web.servlet.handler.SimpleUrlHandlerMapping]Mapped URL path [/**] onto handler 'org.springframework.web.servlet.resource.DefaultServletHttpRequestHandler#0'
[INFO] [2016-08-05 15:40:47][org.springframework.web.servlet.handler.SimpleUrlHandlerMapping]Mapped URL path [/*.html] onto handler 'org.springframework.web.servlet.resource.ResourceHttpRequestHandler#0'
[INFO] [2016-08-05 15:40:47][org.springframework.web.servlet.handler.SimpleUrlHandlerMapping]Mapped URL path [/js/**] onto handler 'org.springframework.web.servlet.resource.ResourceHttpRequestHandler#1'
[INFO] [2016-08-05 15:40:47][org.springframework.web.servlet.handler.SimpleUrlHandlerMapping]Mapped URL path [/images/**] onto handler 'org.springframework.web.servlet.resource.ResourceHttpRequestHandler#2'
[INFO] [2016-08-05 15:40:47][org.springframework.web.servlet.handler.SimpleUrlHandlerMapping]Mapped URL path [/css/**] onto handler 'org.springframework.web.servlet.resource.ResourceHttpRequestHandler#3'
[INFO] [2016-08-05 15:40:47][org.springframework.web.servlet.mvc.method.annotation.RequestMappingHandlerMapping]Mapped "{[/controller/get/{value}],methods=[GET]}" onto public void com.unicomWeb.controller.FileUploadController.get(javax.servlet.http.HttpServletResponse,java.lang.String)
[INFO] [2016-08-05 15:40:47][org.springframework.web.servlet.mvc.method.annotation.RequestMappingHandlerMapping]Mapped "{[/controller/upload],methods=[POST]}" onto public com.unicomWeb.model.ResponseMeta com.unicomWeb.controller.FileUploadController.upload(org.springframework.web.multipart.MultipartHttpServletRequest,javax.servlet.http.HttpServletResponse) throws java.lang.IllegalStateException,java.io.IOException
[INFO] [2016-08-05 15:40:47][org.springframework.web.servlet.mvc.method.annotation.RequestMappingHandlerAdapter]Looking for @ControllerAdvice: WebApplicationContext for namespace 'mvc-dispatcher-servlet': startup date [Fri Aug 05 15:40:46 CST 2016]; parent: Root WebApplicationContext
[INFO] [2016-08-05 15:40:48][org.springframework.web.servlet.mvc.method.annotation.RequestMappingHandlerAdapter]Looking for @ControllerAdvice: WebApplicationContext for namespace 'mvc-dispatcher-servlet': startup date [Fri Aug 05 15:40:46 CST 2016]; parent: Root WebApplicationContext
[INFO] [2016-08-05 15:40:48][org.springframework.web.servlet.DispatcherServlet]FrameworkServlet 'mvc-dispatcher': initialization completed in 1307 ms
[INFO] [2016-08-05 15:45:16][org.springframework.web.context.support.XmlWebApplicationContext]Closing WebApplicationContext for namespace 'mvc-dispatcher-servlet': startup date [Fri Aug 05 15:40:46 CST 2016]; parent: Root WebApplicationContext
[INFO] [2016-08-05 15:45:16][org.springframework.web.context.support.XmlWebApplicationContext]Closing Root WebApplicationContext: startup date [Fri Aug 05 15:40:46 CST 2016]; root of context hierarchy
[INFO] [2016-08-05 15:45:18][org.springframework.web.context.ContextLoader]Root WebApplicationContext: initialization started
[INFO] [2016-08-05 15:45:18][org.springframework.web.context.support.XmlWebApplicationContext]Refreshing Root WebApplicationContext: startup date [Fri Aug 05 15:45:18 CST 2016]; root of context hierarchy
[INFO] [2016-08-05 15:45:18][org.springframework.beans.factory.xml.XmlBeanDefinitionReader]Loading XML bean definitions from ServletContext resource [/WEB-INF/configs/spring/applicationContext.xml]
[INFO] [2016-08-05 15:45:19][org.springframework.beans.factory.annotation.AutowiredAnnotationBeanPostProcessor]JSR-330 'javax.inject.Inject' annotation found and supported for autowiring
[INFO] [2016-08-05 15:45:19][org.springframework.web.context.ContextLoader]Root WebApplicationContext: initialization completed in 406 ms
[INFO] [2016-08-05 15:45:19][org.springframework.web.servlet.DispatcherServlet]FrameworkServlet 'mvc-dispatcher': initialization started
[INFO] [2016-08-05 15:45:19][org.springframework.web.context.support.XmlWebApplicationContext]Refreshing WebApplicationContext for namespace 'mvc-dispatcher-servlet': startup date [Fri Aug 05 15:45:19 CST 2016]; parent: Root WebApplicationContext
[INFO] [2016-08-05 15:45:19][org.springframework.beans.factory.xml.XmlBeanDefinitionReader]Loading XML bean definitions from ServletContext resource [/WEB-INF/configs/spring/mvc-dispatcher-servlet.xml]
[INFO] [2016-08-05 15:45:19][org.springframework.beans.factory.annotation.AutowiredAnnotationBeanPostProcessor]JSR-330 'javax.inject.Inject' annotation found and supported for autowiring
[INFO] [2016-08-05 15:45:19][org.springframework.web.servlet.handler.SimpleUrlHandlerMapping]Mapped URL path [/**] onto handler 'org.springframework.web.servlet.resource.DefaultServletHttpRequestHandler#0'
[INFO] [2016-08-05 15:45:19][org.springframework.web.servlet.handler.SimpleUrlHandlerMapping]Mapped URL path [/*.html] onto handler 'org.springframework.web.servlet.resource.ResourceHttpRequestHandler#0'
[INFO] [2016-08-05 15:45:19][org.springframework.web.servlet.handler.SimpleUrlHandlerMapping]Mapped URL path [/js/**] onto handler 'org.springframework.web.servlet.resource.ResourceHttpRequestHandler#1'
[INFO] [2016-08-05 15:45:19][org.springframework.web.servlet.handler.SimpleUrlHandlerMapping]Mapped URL path [/images/**] onto handler 'org.springframework.web.servlet.resource.ResourceHttpRequestHandler#2'
[INFO] [2016-08-05 15:45:19][org.springframework.web.servlet.handler.SimpleUrlHandlerMapping]Mapped URL path [/css/**] onto handler 'org.springframework.web.servlet.resource.ResourceHttpRequestHandler#3'
[INFO] [2016-08-05 15:45:19][org.springframework.web.servlet.mvc.method.annotation.RequestMappingHandlerMapping]Mapped "{[/controller/get/{value}],methods=[GET]}" onto public void com.unicomWeb.controller.FileUploadController.get(javax.servlet.http.HttpServletResponse,java.lang.String)
[INFO] [2016-08-05 15:45:19][org.springframework.web.servlet.mvc.method.annotation.RequestMappingHandlerMapping]Mapped "{[/controller/upload],methods=[POST]}" onto public com.unicomWeb.model.ResponseMeta com.unicomWeb.controller.FileUploadController.upload(org.springframework.web.multipart.MultipartHttpServletRequest,javax.servlet.http.HttpServletResponse) throws java.lang.IllegalStateException,java.io.IOException
[INFO] [2016-08-05 15:45:20][org.springframework.web.servlet.mvc.method.annotation.RequestMappingHandlerAdapter]Looking for @ControllerAdvice: WebApplicationContext for namespace 'mvc-dispatcher-servlet': startup date [Fri Aug 05 15:45:19 CST 2016]; parent: Root WebApplicationContext
[INFO] [2016-08-05 15:45:20][org.springframework.web.servlet.mvc.method.annotation.RequestMappingHandlerAdapter]Looking for @ControllerAdvice: WebApplicationContext for namespace 'mvc-dispatcher-servlet': startup date [Fri Aug 05 15:45:19 CST 2016]; parent: Root WebApplicationContext
[INFO] [2016-08-05 15:45:20][org.springframework.web.servlet.DispatcherServlet]FrameworkServlet 'mvc-dispatcher': initialization completed in 1063 ms
[INFO] [2016-08-05 15:53:38][org.springframework.web.context.support.XmlWebApplicationContext]Closing WebApplicationContext for namespace 'mvc-dispatcher-servlet': startup date [Fri Aug 05 15:45:19 CST 2016]; parent: Root WebApplicationContext
[INFO] [2016-08-05 15:53:38][org.springframework.web.context.support.XmlWebApplicationContext]Closing Root WebApplicationContext: startup date [Fri Aug 05 15:45:18 CST 2016]; root of context hierarchy
[INFO] [2016-08-05 15:53:40][org.springframework.web.context.ContextLoader]Root WebApplicationContext: initialization started
[INFO] [2016-08-05 15:53:40][org.springframework.web.context.support.XmlWebApplicationContext]Refreshing Root WebApplicationContext: startup date [Fri Aug 05 15:53:40 CST 2016]; root of context hierarchy
[INFO] [2016-08-05 15:53:41][org.springframework.beans.factory.xml.XmlBeanDefinitionReader]Loading XML bean definitions from ServletContext resource [/WEB-INF/configs/spring/applicationContext.xml]
[INFO] [2016-08-05 15:53:41][org.springframework.beans.factory.annotation.AutowiredAnnotationBeanPostProcessor]JSR-330 'javax.inject.Inject' annotation found and supported for autowiring
[INFO] [2016-08-05 15:53:41][org.springframework.web.context.ContextLoader]Root WebApplicationContext: initialization completed in 341 ms
[INFO] [2016-08-05 15:53:41][org.springframework.web.servlet.DispatcherServlet]FrameworkServlet 'mvc-dispatcher': initialization started
[INFO] [2016-08-05 15:53:41][org.springframework.web.context.support.XmlWebApplicationContext]Refreshing WebApplicationContext for namespace 'mvc-dispatcher-servlet': startup date [Fri Aug 05 15:53:41 CST 2016]; parent: Root WebApplicationContext
[INFO] [2016-08-05 15:53:41][org.springframework.beans.factory.xml.XmlBeanDefinitionReader]Loading XML bean definitions from ServletContext resource [/WEB-INF/configs/spring/mvc-dispatcher-servlet.xml]
[INFO] [2016-08-05 15:53:41][org.springframework.beans.factory.annotation.AutowiredAnnotationBeanPostProcessor]JSR-330 'javax.inject.Inject' annotation found and supported for autowiring
[INFO] [2016-08-05 15:53:41][org.springframework.web.servlet.handler.SimpleUrlHandlerMapping]Mapped URL path [/**] onto handler 'org.springframework.web.servlet.resource.DefaultServletHttpRequestHandler#0'
[INFO] [2016-08-05 15:53:41][org.springframework.web.servlet.handler.SimpleUrlHandlerMapping]Mapped URL path [/*.html] onto handler 'org.springframework.web.servlet.resource.ResourceHttpRequestHandler#0'
[INFO] [2016-08-05 15:53:41][org.springframework.web.servlet.handler.SimpleUrlHandlerMapping]Mapped URL path [/js/**] onto handler 'org.springframework.web.servlet.resource.ResourceHttpRequestHandler#1'
[INFO] [2016-08-05 15:53:41][org.springframework.web.servlet.handler.SimpleUrlHandlerMapping]Mapped URL path [/images/**] onto handler 'org.springframework.web.servlet.resource.ResourceHttpRequestHandler#2'
[INFO] [2016-08-05 15:53:41][org.springframework.web.servlet.handler.SimpleUrlHandlerMapping]Mapped URL path [/css/**] onto handler 'org.springframework.web.servlet.resource.ResourceHttpRequestHandler#3'
[INFO] [2016-08-05 15:53:41][org.springframework.web.servlet.mvc.method.annotation.RequestMappingHandlerMapping]Mapped "{[/controller/upload],methods=[POST]}" onto public com.unicomWeb.model.ResponseMeta com.unicomWeb.controller.FileUploadController.upload(org.springframework.web.multipart.MultipartHttpServletRequest,javax.servlet.http.HttpServletResponse) throws java.lang.IllegalStateException,java.io.IOException
[INFO] [2016-08-05 15:53:41][org.springframework.web.servlet.mvc.method.annotation.RequestMappingHandlerAdapter]Looking for @ControllerAdvice: WebApplicationContext for namespace 'mvc-dispatcher-servlet': startup date [Fri Aug 05 15:53:41 CST 2016]; parent: Root WebApplicationContext
[INFO] [2016-08-05 15:53:42][org.springframework.web.servlet.mvc.method.annotation.RequestMappingHandlerAdapter]Looking for @ControllerAdvice: WebApplicationContext for namespace 'mvc-dispatcher-servlet': startup date [Fri Aug 05 15:53:41 CST 2016]; parent: Root WebApplicationContext
[INFO] [2016-08-05 15:53:42][org.springframework.web.servlet.DispatcherServlet]FrameworkServlet 'mvc-dispatcher': initialization completed in 1000 ms
[INFO] [2016-08-05 16:08:14][org.springframework.web.context.support.XmlWebApplicationContext]Closing WebApplicationContext for namespace 'mvc-dispatcher-servlet': startup date [Fri Aug 05 15:53:41 CST 2016]; parent: Root WebApplicationContext
[INFO] [2016-08-05 16:08:14][org.springframework.web.context.support.XmlWebApplicationContext]Closing Root WebApplicationContext: startup date [Fri Aug 05 15:53:40 CST 2016]; root of context hierarchy
[INFO] [2016-08-05 16:08:25][org.springframework.web.context.ContextLoader]Root WebApplicationContext: initialization started
[INFO] [2016-08-05 16:08:25][org.springframework.web.context.support.XmlWebApplicationContext]Refreshing Root WebApplicationContext: startup date [Fri Aug 05 16:08:25 CST 2016]; root of context hierarchy
[INFO] [2016-08-05 16:08:25][org.springframework.beans.factory.xml.XmlBeanDefinitionReader]Loading XML bean definitions from ServletContext resource [/WEB-INF/configs/spring/applicationContext.xml]
[INFO] [2016-08-05 16:08:26][org.springframework.beans.factory.annotation.AutowiredAnnotationBeanPostProcessor]JSR-330 'javax.inject.Inject' annotation found and supported for autowiring
[INFO] [2016-08-05 16:08:26][org.springframework.web.context.ContextLoader]Root WebApplicationContext: initialization completed in 782 ms
[INFO] [2016-08-05 16:08:26][org.springframework.web.servlet.DispatcherServlet]FrameworkServlet 'mvc-dispatcher': initialization started
[INFO] [2016-08-05 16:08:26][org.springframework.web.context.support.XmlWebApplicationContext]Refreshing WebApplicationContext for namespace 'mvc-dispatcher-servlet': startup date [Fri Aug 05 16:08:26 CST 2016]; parent: Root WebApplicationContext
[INFO] [2016-08-05 16:08:26][org.springframework.beans.factory.xml.XmlBeanDefinitionReader]Loading XML bean definitions from ServletContext resource [/WEB-INF/configs/spring/mvc-dispatcher-servlet.xml]
[INFO] [2016-08-05 16:08:26][org.springframework.beans.factory.annotation.AutowiredAnnotationBeanPostProcessor]JSR-330 'javax.inject.Inject' annotation found and supported for autowiring
[INFO] [2016-08-05 16:08:26][org.springframework.web.servlet.handler.SimpleUrlHandlerMapping]Mapped URL path [/**] onto handler 'org.springframework.web.servlet.resource.DefaultServletHttpRequestHandler#0'
[INFO] [2016-08-05 16:08:27][org.springframework.web.servlet.handler.SimpleUrlHandlerMapping]Mapped URL path [/*.html] onto handler 'org.springframework.web.servlet.resource.ResourceHttpRequestHandler#0'
[INFO] [2016-08-05 16:08:27][org.springframework.web.servlet.handler.SimpleUrlHandlerMapping]Mapped URL path [/js/**] onto handler 'org.springframework.web.servlet.resource.ResourceHttpRequestHandler#1'
[INFO] [2016-08-05 16:08:27][org.springframework.web.servlet.handler.SimpleUrlHandlerMapping]Mapped URL path [/images/**] onto handler 'org.springframework.web.servlet.resource.ResourceHttpRequestHandler#2'
[INFO] [2016-08-05 16:08:27][org.springframework.web.servlet.handler.SimpleUrlHandlerMapping]Mapped URL path [/css/**] onto handler 'org.springframework.web.servlet.resource.ResourceHttpRequestHandler#3'
[INFO] [2016-08-05 16:08:27][org.springframework.web.servlet.mvc.method.annotation.RequestMappingHandlerMapping]Mapped "{[/controller/upload],methods=[POST]}" onto public com.unicomWeb.model.ResponseMeta com.unicomWeb.controller.FileUploadController.upload(org.springframework.web.multipart.MultipartHttpServletRequest,javax.servlet.http.HttpServletResponse) throws java.lang.IllegalStateException,java.io.IOException
[INFO] [2016-08-05 16:08:27][org.springframework.web.servlet.mvc.method.annotation.RequestMappingHandlerAdapter]Looking for @ControllerAdvice: WebApplicationContext for namespace 'mvc-dispatcher-servlet': startup date [Fri Aug 05 16:08:26 CST 2016]; parent: Root WebApplicationContext
[INFO] [2016-08-05 16:08:27][org.springframework.web.servlet.mvc.method.annotation.RequestMappingHandlerAdapter]Looking for @ControllerAdvice: WebApplicationContext for namespace 'mvc-dispatcher-servlet': startup date [Fri Aug 05 16:08:26 CST 2016]; parent: Root WebApplicationContext
[INFO] [2016-08-05 16:08:27][org.springframework.web.servlet.DispatcherServlet]FrameworkServlet 'mvc-dispatcher': initialization completed in 1313 ms
[INFO] [2016-08-05 16:10:03][org.springframework.web.context.support.XmlWebApplicationContext]Closing WebApplicationContext for namespace 'mvc-dispatcher-servlet': startup date [Fri Aug 05 16:08:26 CST 2016]; parent: Root WebApplicationContext
[INFO] [2016-08-05 16:10:03][org.springframework.web.context.support.XmlWebApplicationContext]Closing Root WebApplicationContext: startup date [Fri Aug 05 16:08:25 CST 2016]; root of context hierarchy
[INFO] [2016-08-05 16:10:06][org.springframework.web.context.ContextLoader]Root WebApplicationContext: initialization started
[INFO] [2016-08-05 16:10:06][org.springframework.web.context.support.XmlWebApplicationContext]Refreshing Root WebApplicationContext: startup date [Fri Aug 05 16:10:06 CST 2016]; root of context hierarchy
[INFO] [2016-08-05 16:10:06][org.springframework.beans.factory.xml.XmlBeanDefinitionReader]Loading XML bean definitions from ServletContext resource [/WEB-INF/configs/spring/applicationContext.xml]
[INFO] [2016-08-05 16:10:07][org.springframework.beans.factory.annotation.AutowiredAnnotationBeanPostProcessor]JSR-330 'javax.inject.Inject' annotation found and supported for autowiring
[INFO] [2016-08-05 16:10:07][org.springframework.web.context.ContextLoader]Root WebApplicationContext: initialization completed in 499 ms
[INFO] [2016-08-05 16:10:07][org.springframework.web.servlet.DispatcherServlet]FrameworkServlet 'mvc-dispatcher': initialization started
[INFO] [2016-08-05 16:10:07][org.springframework.web.context.support.XmlWebApplicationContext]Refreshing WebApplicationContext for namespace 'mvc-dispatcher-servlet': startup date [Fri Aug 05 16:10:07 CST 2016]; parent: Root WebApplicationContext
[INFO] [2016-08-05 16:10:07][org.springframework.beans.factory.xml.XmlBeanDefinitionReader]Loading XML bean definitions from ServletContext resource [/WEB-INF/configs/spring/mvc-dispatcher-servlet.xml]
[INFO] [2016-08-05 16:10:07][org.springframework.beans.factory.annotation.AutowiredAnnotationBeanPostProcessor]JSR-330 'javax.inject.Inject' annotation found and supported for autowiring
[INFO] [2016-08-05 16:10:07][org.springframework.web.servlet.handler.SimpleUrlHandlerMapping]Mapped URL path [/**] onto handler 'org.springframework.web.servlet.resource.DefaultServletHttpRequestHandler#0'
[INFO] [2016-08-05 16:10:08][org.springframework.web.servlet.handler.SimpleUrlHandlerMapping]Mapped URL path [/*.html] onto handler 'org.springframework.web.servlet.resource.ResourceHttpRequestHandler#0'
[INFO] [2016-08-05 16:10:08][org.springframework.web.servlet.handler.SimpleUrlHandlerMapping]Mapped URL path [/js/**] onto handler 'org.springframework.web.servlet.resource.ResourceHttpRequestHandler#1'
[INFO] [2016-08-05 16:10:08][org.springframework.web.servlet.handler.SimpleUrlHandlerMapping]Mapped URL path [/images/**] onto handler 'org.springframework.web.servlet.resource.ResourceHttpRequestHandler#2'
[INFO] [2016-08-05 16:10:08][org.springframework.web.servlet.handler.SimpleUrlHandlerMapping]Mapped URL path [/css/**] onto handler 'org.springframework.web.servlet.resource.ResourceHttpRequestHandler#3'
[INFO] [2016-08-05 16:10:08][org.springframework.web.servlet.mvc.method.annotation.RequestMappingHandlerMapping]Mapped "{[/controller/upload],methods=[POST]}" onto public com.unicomWeb.model.ResponseMeta com.unicomWeb.controller.FileUploadController.upload(org.springframework.web.multipart.MultipartHttpServletRequest,javax.servlet.http.HttpServletResponse) throws java.lang.IllegalStateException,java.io.IOException
[INFO] [2016-08-05 16:10:08][org.springframework.web.servlet.mvc.method.annotation.RequestMappingHandlerAdapter]Looking for @ControllerAdvice: WebApplicationContext for namespace 'mvc-dispatcher-servlet': startup date [Fri Aug 05 16:10:07 CST 2016]; parent: Root WebApplicationContext
[INFO] [2016-08-05 16:10:08][org.springframework.web.servlet.mvc.method.annotation.RequestMappingHandlerAdapter]Looking for @ControllerAdvice: WebApplicationContext for namespace 'mvc-dispatcher-servlet': startup date [Fri Aug 05 16:10:07 CST 2016]; parent: Root WebApplicationContext
[INFO] [2016-08-05 16:10:08][org.springframework.web.servlet.DispatcherServlet]FrameworkServlet 'mvc-dispatcher': initialization completed in 1234 ms
[INFO] [2016-08-05 16:15:46][org.springframework.web.context.support.XmlWebApplicationContext]Closing WebApplicationContext for namespace 'mvc-dispatcher-servlet': startup date [Fri Aug 05 16:10:07 CST 2016]; parent: Root WebApplicationContext
[INFO] [2016-08-05 16:15:46][org.springframework.web.context.support.XmlWebApplicationContext]Closing Root WebApplicationContext: startup date [Fri Aug 05 16:10:06 CST 2016]; root of context hierarchy
[INFO] [2016-08-05 16:15:48][org.springframework.web.context.ContextLoader]Root WebApplicationContext: initialization started
[INFO] [2016-08-05 16:15:48][org.springframework.web.context.support.XmlWebApplicationContext]Refreshing Root WebApplicationContext: startup date [Fri Aug 05 16:15:48 CST 2016]; root of context hierarchy
[INFO] [2016-08-05 16:15:48][org.springframework.beans.factory.xml.XmlBeanDefinitionReader]Loading XML bean definitions from ServletContext resource [/WEB-INF/configs/spring/applicationContext.xml]
[INFO] [2016-08-05 16:15:49][org.springframework.beans.factory.annotation.AutowiredAnnotationBeanPostProcessor]JSR-330 'javax.inject.Inject' annotation found and supported for autowiring
[INFO] [2016-08-05 16:15:49][org.springframework.web.context.ContextLoader]Root WebApplicationContext: initialization completed in 477 ms
[INFO] [2016-08-05 16:15:49][org.springframework.web.servlet.DispatcherServlet]FrameworkServlet 'mvc-dispatcher': initialization started
[INFO] [2016-08-05 16:15:49][org.springframework.web.context.support.XmlWebApplicationContext]Refreshing WebApplicationContext for namespace 'mvc-dispatcher-servlet': startup date [Fri Aug 05 16:15:49 CST 2016]; parent: Root WebApplicationContext
[INFO] [2016-08-05 16:15:49][org.springframework.beans.factory.xml.XmlBeanDefinitionReader]Loading XML bean definitions from ServletContext resource [/WEB-INF/configs/spring/mvc-dispatcher-servlet.xml]
[INFO] [2016-08-05 16:15:49][org.springframework.beans.factory.annotation.AutowiredAnnotationBeanPostProcessor]JSR-330 'javax.inject.Inject' annotation found and supported for autowiring
[INFO] [2016-08-05 16:15:49][org.springframework.web.servlet.handler.SimpleUrlHandlerMapping]Mapped URL path [/**] onto handler 'org.springframework.web.servlet.resource.DefaultServletHttpRequestHandler#0'
[INFO] [2016-08-05 16:15:49][org.springframework.web.servlet.handler.SimpleUrlHandlerMapping]Mapped URL path [/*.html] onto handler 'org.springframework.web.servlet.resource.ResourceHttpRequestHandler#0'
[INFO] [2016-08-05 16:15:49][org.springframework.web.servlet.handler.SimpleUrlHandlerMapping]Mapped URL path [/js/**] onto handler 'org.springframework.web.servlet.resource.ResourceHttpRequestHandler#1'
[INFO] [2016-08-05 16:15:49][org.springframework.web.servlet.handler.SimpleUrlHandlerMapping]Mapped URL path [/images/**] onto handler 'org.springframework.web.servlet.resource.ResourceHttpRequestHandler#2'
[INFO] [2016-08-05 16:15:49][org.springframework.web.servlet.handler.SimpleUrlHandlerMapping]Mapped URL path [/css/**] onto handler 'org.springframework.web.servlet.resource.ResourceHttpRequestHandler#3'
[INFO] [2016-08-05 16:15:49][org.springframework.web.servlet.mvc.method.annotation.RequestMappingHandlerMapping]Mapped "{[/controller/upload],methods=[POST]}" onto public com.unicomWeb.model.ResponseMeta com.unicomWeb.controller.FileUploadController.upload(org.springframework.web.multipart.MultipartHttpServletRequest,javax.servlet.http.HttpServletResponse) throws java.lang.IllegalStateException,java.io.IOException
[INFO] [2016-08-05 16:15:50][org.springframework.web.servlet.mvc.method.annotation.RequestMappingHandlerAdapter]Looking for @ControllerAdvice: WebApplicationContext for namespace 'mvc-dispatcher-servlet': startup date [Fri Aug 05 16:15:49 CST 2016]; parent: Root WebApplicationContext
[INFO] [2016-08-05 16:15:50][org.springframework.web.servlet.mvc.method.annotation.RequestMappingHandlerAdapter]Looking for @ControllerAdvice: WebApplicationContext for namespace 'mvc-dispatcher-servlet': startup date [Fri Aug 05 16:15:49 CST 2016]; parent: Root WebApplicationContext
[INFO] [2016-08-05 16:15:50][org.springframework.web.servlet.DispatcherServlet]FrameworkServlet 'mvc-dispatcher': initialization completed in 1150 ms
[INFO] [2016-08-05 16:17:16][org.springframework.web.context.support.XmlWebApplicationContext]Closing WebApplicationContext for namespace 'mvc-dispatcher-servlet': startup date [Fri Aug 05 16:15:49 CST 2016]; parent: Root WebApplicationContext
[INFO] [2016-08-05 16:17:16][org.springframework.web.context.support.XmlWebApplicationContext]Closing Root WebApplicationContext: startup date [Fri Aug 05 16:15:48 CST 2016]; root of context hierarchy
[INFO] [2016-08-05 16:17:18][org.springframework.web.context.ContextLoader]Root WebApplicationContext: initialization started
[INFO] [2016-08-05 16:17:18][org.springframework.web.context.support.XmlWebApplicationContext]Refreshing Root WebApplicationContext: startup date [Fri Aug 05 16:17:18 CST 2016]; root of context hierarchy
[INFO] [2016-08-05 16:17:18][org.springframework.beans.factory.xml.XmlBeanDefinitionReader]Loading XML bean definitions from ServletContext resource [/WEB-INF/configs/spring/applicationContext.xml]
[INFO] [2016-08-05 16:17:18][org.springframework.beans.factory.annotation.AutowiredAnnotationBeanPostProcessor]JSR-330 'javax.inject.Inject' annotation found and supported for autowiring
[INFO] [2016-08-05 16:17:19][org.springframework.web.context.ContextLoader]Root WebApplicationContext: initialization completed in 563 ms
[INFO] [2016-08-05 16:17:19][org.springframework.web.servlet.DispatcherServlet]FrameworkServlet 'mvc-dispatcher': initialization started
[INFO] [2016-08-05 16:17:19][org.springframework.web.context.support.XmlWebApplicationContext]Refreshing WebApplicationContext for namespace 'mvc-dispatcher-servlet': startup date [Fri Aug 05 16:17:19 CST 2016]; parent: Root WebApplicationContext
[INFO] [2016-08-05 16:17:19][org.springframework.beans.factory.xml.XmlBeanDefinitionReader]Loading XML bean definitions from ServletContext resource [/WEB-INF/configs/spring/mvc-dispatcher-servlet.xml]
[INFO] [2016-08-05 16:17:19][org.springframework.beans.factory.annotation.AutowiredAnnotationBeanPostProcessor]JSR-330 'javax.inject.Inject' annotation found and supported for autowiring
[INFO] [2016-08-05 16:17:19][org.springframework.web.servlet.handler.SimpleUrlHandlerMapping]Mapped URL path [/**] onto handler 'org.springframework.web.servlet.resource.DefaultServletHttpRequestHandler#0'
[INFO] [2016-08-05 16:17:19][org.springframework.web.servlet.handler.SimpleUrlHandlerMapping]Mapped URL path [/*.html] onto handler 'org.springframework.web.servlet.resource.ResourceHttpRequestHandler#0'
[INFO] [2016-08-05 16:17:19][org.springframework.web.servlet.handler.SimpleUrlHandlerMapping]Mapped URL path [/js/**] onto handler 'org.springframework.web.servlet.resource.ResourceHttpRequestHandler#1'
[INFO] [2016-08-05 16:17:19][org.springframework.web.servlet.handler.SimpleUrlHandlerMapping]Mapped URL path [/images/**] onto handler 'org.springframework.web.servlet.resource.ResourceHttpRequestHandler#2'
[INFO] [2016-08-05 16:17:19][org.springframework.web.servlet.handler.SimpleUrlHandlerMapping]Mapped URL path [/css/**] onto handler 'org.springframework.web.servlet.resource.ResourceHttpRequestHandler#3'
[INFO] [2016-08-05 16:17:19][org.springframework.web.servlet.mvc.method.annotation.RequestMappingHandlerMapping]Mapped "{[/controller/upload],methods=[POST]}" onto public com.unicomWeb.model.ResponseMeta com.unicomWeb.controller.FileUploadController.upload(org.springframework.web.multipart.MultipartHttpServletRequest,javax.servlet.http.HttpServletResponse) throws java.lang.IllegalStateException,java.io.IOException
[INFO] [2016-08-05 16:17:19][org.springframework.web.servlet.mvc.method.annotation.RequestMappingHandlerAdapter]Looking for @ControllerAdvice: WebApplicationContext for namespace 'mvc-dispatcher-servlet': startup date [Fri Aug 05 16:17:19 CST 2016]; parent: Root WebApplicationContext
[INFO] [2016-08-05 16:17:20][org.springframework.web.servlet.mvc.method.annotation.RequestMappingHandlerAdapter]Looking for @ControllerAdvice: WebApplicationContext for namespace 'mvc-dispatcher-servlet': startup date [Fri Aug 05 16:17:19 CST 2016]; parent: Root WebApplicationContext
[INFO] [2016-08-05 16:17:20][org.springframework.web.servlet.DispatcherServlet]FrameworkServlet 'mvc-dispatcher': initialization completed in 984 ms
[INFO] [2016-08-05 16:18:10][org.springframework.web.context.support.XmlWebApplicationContext]Closing WebApplicationContext for namespace 'mvc-dispatcher-servlet': startup date [Fri Aug 05 16:17:19 CST 2016]; parent: Root WebApplicationContext
[INFO] [2016-08-05 16:18:10][org.springframework.web.context.support.XmlWebApplicationContext]Closing Root WebApplicationContext: startup date [Fri Aug 05 16:17:18 CST 2016]; root of context hierarchy
[INFO] [2016-08-05 16:18:13][org.springframework.web.context.ContextLoader]Root WebApplicationContext: initialization started
[INFO] [2016-08-05 16:18:13][org.springframework.web.context.support.XmlWebApplicationContext]Refreshing Root WebApplicationContext: startup date [Fri Aug 05 16:18:13 CST 2016]; root of context hierarchy
[INFO] [2016-08-05 16:18:13][org.springframework.beans.factory.xml.XmlBeanDefinitionReader]Loading XML bean definitions from ServletContext resource [/WEB-INF/configs/spring/applicationContext.xml]
[INFO] [2016-08-05 16:18:13][org.springframework.beans.factory.annotation.AutowiredAnnotationBeanPostProcessor]JSR-330 'javax.inject.Inject' annotation found and supported for autowiring
[INFO] [2016-08-05 16:18:13][org.springframework.web.context.ContextLoader]Root WebApplicationContext: initialization completed in 359 ms
[INFO] [2016-08-05 16:18:13][org.springframework.web.servlet.DispatcherServlet]FrameworkServlet 'mvc-dispatcher': initialization started
[INFO] [2016-08-05 16:18:13][org.springframework.web.context.support.XmlWebApplicationContext]Refreshing WebApplicationContext for namespace 'mvc-dispatcher-servlet': startup date [Fri Aug 05 16:18:13 CST 2016]; parent: Root WebApplicationContext
[INFO] [2016-08-05 16:18:13][org.springframework.beans.factory.xml.XmlBeanDefinitionReader]Loading XML bean definitions from ServletContext resource [/WEB-INF/configs/spring/mvc-dispatcher-servlet.xml]
[INFO] [2016-08-05 16:18:13][org.springframework.beans.factory.annotation.AutowiredAnnotationBeanPostProcessor]JSR-330 'javax.inject.Inject' annotation found and supported for autowiring
[INFO] [2016-08-05 16:18:13][org.springframework.web.servlet.handler.SimpleUrlHandlerMapping]Mapped URL path [/**] onto handler 'org.springframework.web.servlet.resource.DefaultServletHttpRequestHandler#0'
[INFO] [2016-08-05 16:18:13][org.springframework.web.servlet.handler.SimpleUrlHandlerMapping]Mapped URL path [/*.html] onto handler 'org.springframework.web.servlet.resource.ResourceHttpRequestHandler#0'
[INFO] [2016-08-05 16:18:13][org.springframework.web.servlet.handler.SimpleUrlHandlerMapping]Mapped URL path [/js/**] onto handler 'org.springframework.web.servlet.resource.ResourceHttpRequestHandler#1'
[INFO] [2016-08-05 16:18:13][org.springframework.web.servlet.handler.SimpleUrlHandlerMapping]Mapped URL path [/images/**] onto handler 'org.springframework.web.servlet.resource.ResourceHttpRequestHandler#2'
[INFO] [2016-08-05 16:18:13][org.springframework.web.servlet.handler.SimpleUrlHandlerMapping]Mapped URL path [/css/**] onto handler 'org.springframework.web.servlet.resource.ResourceHttpRequestHandler#3'
[INFO] [2016-08-05 16:18:13][org.springframework.web.servlet.mvc.method.annotation.RequestMappingHandlerMapping]Mapped "{[/controller/upload],methods=[POST]}" onto public com.unicomWeb.model.ResponseMeta com.unicomWeb.controller.FileUploadController.upload(org.springframework.web.multipart.MultipartHttpServletRequest,javax.servlet.http.HttpServletResponse) throws java.lang.IllegalStateException,java.io.IOException
[INFO] [2016-08-05 16:18:14][org.springframework.web.servlet.mvc.method.annotation.RequestMappingHandlerAdapter]Looking for @ControllerAdvice: WebApplicationContext for namespace 'mvc-dispatcher-servlet': startup date [Fri Aug 05 16:18:13 CST 2016]; parent: Root WebApplicationContext
[INFO] [2016-08-05 16:18:14][org.springframework.web.servlet.mvc.method.annotation.RequestMappingHandlerAdapter]Looking for @ControllerAdvice: WebApplicationContext for namespace 'mvc-dispatcher-servlet': startup date [Fri Aug 05 16:18:13 CST 2016]; parent: Root WebApplicationContext
[INFO] [2016-08-05 16:18:14][org.springframework.web.servlet.DispatcherServlet]FrameworkServlet 'mvc-dispatcher': initialization completed in 874 ms
